C:\Program Files\Microsoft Visual Studio\2022\Community\MSBuild\Microsoft\VC\v170\Microsoft.CppBuild.targets(517,5): warning MSB8004: Output Directory does not end with a trailing slash.  This build instance will add the slash as it is required to allow proper evaluation of the Output Directory.
  enemy.cpp
C:\Users\nikol\source\repos\Platformer\enemy.cpp(27,56): warning C4244: 'argument': conversion from 'unsigned __int64' to 'float', possible loss of data
  gameobject.cpp
  gamestate.cpp
  level.cpp
C:\Users\nikol\source\repos\Platformer\level.cpp(72,55): warning C4305: 'argument': truncation from 'double' to 'float'
C:\Users\nikol\source\repos\Platformer\level.cpp(83,52): warning C4305: 'argument': truncation from 'double' to 'float'
C:\Users\nikol\source\repos\Platformer\level.cpp(101,64): warning C4305: 'argument': truncation from 'double' to 'float'
C:\Users\nikol\source\repos\Platformer\level.cpp(198,47): warning C4305: 'argument': truncation from 'double' to 'float'
C:\Users\nikol\source\repos\Platformer\level.cpp(197,73): warning C4305: 'argument': truncation from 'double' to 'float'
C:\Users\nikol\source\repos\Platformer\level.cpp(197,27): warning C4244: 'argument': conversion from 'double' to 'float', possible loss of data
C:\Users\nikol\source\repos\Platformer\level.cpp(220,64): warning C4305: 'argument': truncation from 'double' to 'float'
  main.cpp
  player.cpp
C:\Users\nikol\source\repos\Platformer\player.cpp(18,37): warning C4244: '-=': conversion from 'double' to 'float', possible loss of data
C:\Users\nikol\source\repos\Platformer\player.cpp(59,59): warning C4244: 'argument': conversion from 'unsigned __int64' to 'float', possible loss of data
  powerup.cpp
  timer.cpp
  Generating code
  Previous IPDB not found, fall back to full compilation.
  All 653 functions were compiled because no usable IPDB/IOBJ from previous compilation was found.
  Finished generating code
  Game.vcxproj -> C:\Users\nikol\source\repos\Platformer\bin\Game.exe
